# JRE version: OpenJDK Runtime Environment Microsoft-8035246 (17.0.8+7) (build 17.0.8+7-LTS)
# Java VM: OpenJDK 64-Bit Server VM Microsoft-8035246 (17.0.8+7-LTS, mixed mode, sharing, tiered, compressed oops, compressed class ptrs, g1 gc, windows-amd64)
GC Precious Log:
 CPUs: 12 total, 12 available
 Memory: 16296M
 Large Page Support: Disabled
 NUMA Support: Disabled
 Compressed Oops: Enabled (32-bit)
 Heap Region Size: 1M
 Heap Min Capacity: 8M
 Heap Initial Capacity: 256M
 Heap Max Capacity: 2G
 Pre-touch: Disabled
 Parallel Workers: 10
 Concurrent Workers: 3
 Concurrent Refinement Workers: 10
 Periodic GC: Disabled
Heap:
 garbage-first heap   total 325632K, used 206672K [0x0000000080000000, 0x0000000100000000)
  region size 1024K, 10 young (10240K), 9 survivors (9216K)
 Metaspace       used 105727K, committed 106944K, reserved 557056K
  class space    used 14769K, committed 15296K, reserved 425984K
GC Heap History (20 events):
Event: 11.931 GC heap before
{Heap before GC invocations=43 (full 0):
 garbage-first heap   total 150528K, used 92031K [0x0000000080000000, 0x0000000100000000)
  region size 1024K, 7 young (7168K), 4 survivors (4096K)
 Metaspace       used 77198K, committed 77952K, reserved 557056K
  class space    used 10729K, committed 11072K, reserved 425984K
}
Event: 11.933 GC heap after
{Heap after GC invocations=44 (full 0):
 garbage-first heap   total 150528K, used 89038K [0x0000000080000000, 0x0000000100000000)
  region size 1024K, 1 young (1024K), 1 survivors (1024K)
 Metaspace       used 77198K, committed 77952K, reserved 557056K
  class space    used 10729K, committed 11072K, reserved 425984K
}
Event: 12.154 GC heap before
{Heap before GC invocations=44 (full 0):
 garbage-first heap   total 150528K, used 122830K [0x0000000080000000, 0x0000000100000000)
  region size 1024K, 34 young (34816K), 1 survivors (1024K)
 Metaspace       used 79512K, committed 80256K, reserved 557056K
  class space    used 11007K, committed 11328K, reserved 425984K
}
Event: 12.156 GC heap after
{Heap after GC invocations=45 (full 0):
 garbage-first heap   total 325632K, used 90406K [0x0000000080000000, 0x0000000100000000)
  region size 1024K, 2 young (2048K), 2 survivors (2048K)
 Metaspace       used 79512K, committed 80256K, reserved 557056K
  class space    used 11007K, committed 11328K, reserved 425984K
}
Event: 16.122 GC heap before
{Heap before GC invocations=45 (full 0):
 garbage-first heap   total 325632K, used 227622K [0x0000000080000000, 0x0000000100000000)
  region size 1024K, 135 young (138240K), 2 survivors (2048K)
 Metaspace       used 86090K, committed 86912K, reserved 557056K
  class space    used 11971K, committed 12352K, reserved 425984K
}
Event: 16.126 GC heap after
{Heap after GC invocations=46 (full 0):
 garbage-first heap   total 325632K, used 97514K [0x0000000080000000, 0x0000000100000000)
  region size 1024K, 9 young (9216K), 9 survivors (9216K)
 Metaspace       used 86090K, committed 86912K, reserved 557056K
  class space    used 11971K, committed 12352K, reserved 425984K
}
Event: 17.379 GC heap before
{Heap before GC invocations=46 (full 0):
 garbage-first heap   total 325632K, used 242922K [0x0000000080000000, 0x0000000100000000)
  region size 1024K, 151 young (154624K), 9 survivors (9216K)
 Metaspace       used 93521K, committed 94528K, reserved 557056K
  class space    used 13192K, committed 13632K, reserved 425984K
}
Event: 17.387 GC heap after
{Heap after GC invocations=47 (full 0):
 garbage-first heap   total 325632K, used 109056K [0x0000000080000000, 0x0000000100000000)
  region size 1024K, 19 young (19456K), 19 survivors (19456K)
 Metaspace       used 93521K, committed 94528K, reserved 557056K
  class space    used 13192K, committed 13632K, reserved 425984K
}
Event: 18.954 GC heap before
{Heap before GC invocations=47 (full 0):
 garbage-first heap   total 325632K, used 253440K [0x0000000080000000, 0x0000000100000000)
  region size 1024K, 153 young (156672K), 19 survivors (19456K)
 Metaspace       used 95585K, committed 96704K, reserved 557056K
  class space    used 13408K, committed 13888K, reserved 425984K
}
Event: 18.969 GC heap after
{Heap after GC invocations=48 (full 0):
 garbage-first heap   total 325632K, used 151759K [0x0000000080000000, 0x0000000100000000)
  region size 1024K, 20 young (20480K), 20 survivors (20480K)
 Metaspace       used 95585K, committed 96704K, reserved 557056K
  class space    used 13408K, committed 13888K, reserved 425984K
}
Event: 19.797 GC heap before
{Heap before GC invocations=48 (full 0):
 garbage-first heap   total 325632K, used 245967K [0x0000000080000000, 0x0000000100000000)
  region size 1024K, 111 young (113664K), 20 survivors (20480K)
 Metaspace       used 100673K, committed 101888K, reserved 557056K
  class space    used 14114K, committed 14656K, reserved 425984K
}
Event: 19.805 GC heap after
{Heap after GC invocations=49 (full 0):
 garbage-first heap   total 325632K, used 167811K [0x0000000080000000, 0x0000000100000000)
  region size 1024K, 11 young (11264K), 11 survivors (11264K)
 Metaspace       used 100673K, committed 101888K, reserved 557056K
  class space    used 14114K, committed 14656K, reserved 425984K
}
Event: 20.604 GC heap before
{Heap before GC invocations=49 (full 0):
 garbage-first heap   total 325632K, used 252803K [0x0000000080000000, 0x0000000100000000)
  region size 1024K, 94 young (96256K), 11 survivors (11264K)
 Metaspace       used 103456K, committed 104640K, reserved 557056K
  class space    used 14458K, committed 14976K, reserved 425984K
}
Event: 20.613 GC heap after
{Heap after GC invocations=50 (full 0):
 garbage-first heap   total 325632K, used 180598K [0x0000000080000000, 0x0000000100000000)
  region size 1024K, 12 young (12288K), 12 survivors (12288K)
 Metaspace       used 103456K, committed 104640K, reserved 557056K
  class space    used 14458K, committed 14976K, reserved 425984K
}
Event: 21.009 GC heap before
{Heap before GC invocations=50 (full 0):
 garbage-first heap   total 325632K, used 257398K [0x0000000080000000, 0x0000000100000000)
  region size 1024K, 87 young (89088K), 12 survivors (12288K)
 Metaspace       used 103777K, committed 104960K, reserved 557056K
  class space    used 14467K, committed 15040K, reserved 425984K
}
Event: 21.017 GC heap after
{Heap after GC invocations=51 (full 0):
 garbage-first heap   total 325632K, used 188719K [0x0000000080000000, 0x0000000100000000)
  region size 1024K, 8 young (8192K), 8 survivors (8192K)
 Metaspace       used 103777K, committed 104960K, reserved 557056K
  class space    used 14467K, committed 15040K, reserved 425984K
}
Event: 21.547 GC heap before
{Heap before GC invocations=51 (full 0):
 garbage-first heap   total 325632K, used 261423K [0x0000000080000000, 0x0000000100000000)
  region size 1024K, 80 young (81920K), 8 survivors (8192K)
 Metaspace       used 105135K, committed 106368K, reserved 557056K
  class space    used 14715K, committed 15296K, reserved 425984K
}
Event: 21.555 GC heap after
{Heap after GC invocations=52 (full 0):
 garbage-first heap   total 325632K, used 197069K [0x0000000080000000, 0x0000000100000000)
  region size 1024K, 9 young (9216K), 9 survivors (9216K)
 Metaspace       used 105135K, committed 106368K, reserved 557056K
  class space    used 14715K, committed 15296K, reserved 425984K
}
Event: 22.185 GC heap before
{Heap before GC invocations=52 (full 0):
 garbage-first heap   total 325632K, used 265677K [0x0000000080000000, 0x0000000100000000)
  region size 1024K, 77 young (78848K), 9 survivors (9216K)
 Metaspace       used 105662K, committed 106880K, reserved 557056K
  class space    used 14768K, committed 15296K, reserved 425984K
}
Event: 22.190 GC heap after
{Heap after GC invocations=53 (full 0):
 garbage-first heap   total 325632K, used 201075K [0x0000000080000000, 0x0000000100000000)
  region size 1024K, 5 young (5120K), 5 survivors (5120K)
 Metaspace       used 105662K, committed 106880K, reserved 557056K
  class space    used 14768K, committed 15296K, reserved 425984K
}

